---------------------------------------------------------------
[ 2018-04-21T21:50:55+08:00 ] ::1 ::1 GET /admin.php/article/articleadd.html
[ info ] localhost/admin.php/article/articleadd.html [运行时间：0.231379s][吞吐率：4.32req/s] [内存消耗：2,771.33kb] [文件加载：80]
[ error ] [0]语法解析错误: syntax error, unexpected '='[C:\xampp\htdocs\runtime\temp\d2a01bdca064286382e075918168f70f.php:312]
---------------------------------------------------------------
[ 2018-04-21T21:50:56+08:00 ] ::1 ::1 GET /admin.php/article/articleadd.html
[ info ] localhost/admin.php/article/articleadd.html [运行时间：0.244644s][吞吐率：4.09req/s] [内存消耗：2,771.34kb] [文件加载：80]
[ error ] [0]语法解析错误: syntax error, unexpected '='[C:\xampp\htdocs\runtime\temp\d2a01bdca064286382e075918168f70f.php:312]
---------------------------------------------------------------
[ 2018-04-21T22:07:36+08:00 ] ::1 ::1 POST /admin.php/article/articleadd.html
[ info ] localhost/admin.php/article/articleadd.html [运行时间：0.236017s][吞吐率：4.24req/s] [内存消耗：2,577.79kb] [文件加载：81]
[ error ] [10501]SQLSTATE[23000]: Integrity constraint violation: 1062 Duplicate entry '1302000102' for key 'uni_code'[C:\xampp\htdocs\thinkphp\library\think\db\Connection.php:451]
---------------------------------------------------------------
[ 2018-04-21T22:11:52+08:00 ] ::1 ::1 GET /admin.php/article/articleedit/id/43.html
[ info ] localhost/admin.php/article/articleedit/id/43.html [运行时间：0.255656s][吞吐率：3.91req/s] [内存消耗：2,801.48kb] [文件加载：81]
[ error ] [0]语法解析错误: syntax error, unexpected '='[C:\xampp\htdocs\runtime\temp\d2a01bdca064286382e075918168f70f.php:321]
---------------------------------------------------------------
[ 2018-04-21T22:20:48+08:00 ] ::1 ::1 GET /admin.php/article/articleadd.html?_pjax=.content
[ info ] localhost/admin.php/article/articleadd.html?_pjax=.content [运行时间：0.202010s][吞吐率：4.95req/s] [内存消耗：2,740.21kb] [文件加载：80]
[ error ] [8]未定义变量: info[C:\xampp\htdocs\runtime\temp\d2a01bdca064286382e075918168f70f.php:65]
---------------------------------------------------------------
[ 2018-04-21T22:20:48+08:00 ] ::1 ::1 GET /admin.php/article/articleadd.html
[ info ] localhost/admin.php/article/articleadd.html [运行时间：0.205083s][吞吐率：4.88req/s] [内存消耗：2,801.45kb] [文件加载：82]
[ error ] [8]未定义变量: info[C:\xampp\htdocs\runtime\temp\d2a01bdca064286382e075918168f70f.php:321]
---------------------------------------------------------------
[ 2018-04-21T22:20:53+08:00 ] ::1 ::1 GET /admin.php/article/articleadd.html?_pjax=.content
[ info ] localhost/admin.php/article/articleadd.html?_pjax=.content [运行时间：0.202124s][吞吐率：4.95req/s] [内存消耗：2,740.22kb] [文件加载：80]
[ error ] [8]未定义变量: info[C:\xampp\htdocs\runtime\temp\d2a01bdca064286382e075918168f70f.php:65]
---------------------------------------------------------------
[ 2018-04-21T22:20:53+08:00 ] ::1 ::1 GET /admin.php/article/articleadd.html
[ info ] localhost/admin.php/article/articleadd.html [运行时间：0.205817s][吞吐率：4.86req/s] [内存消耗：2,801.45kb] [文件加载：82]
[ error ] [8]未定义变量: info[C:\xampp\htdocs\runtime\temp\d2a01bdca064286382e075918168f70f.php:321]
---------------------------------------------------------------
[ 2018-04-21T22:22:25+08:00 ] ::1 ::1 GET /admin.php/article/articleadd.html?_pjax=.content
[ info ] localhost/admin.php/article/articleadd.html?_pjax=.content [运行时间：0.200721s][吞吐率：4.98req/s] [内存消耗：2,740.37kb] [文件加载：80]
[ error ] [8]未定义变量: info[C:\xampp\htdocs\runtime\temp\d2a01bdca064286382e075918168f70f.php:65]
---------------------------------------------------------------
[ 2018-04-21T22:22:25+08:00 ] ::1 ::1 GET /admin.php/article/articleadd.html
[ info ] localhost/admin.php/article/articleadd.html [运行时间：0.217052s][吞吐率：4.61req/s] [内存消耗：2,801.61kb] [文件加载：82]
[ error ] [8]未定义变量: info[C:\xampp\htdocs\runtime\temp\d2a01bdca064286382e075918168f70f.php:321]
---------------------------------------------------------------
[ 2018-04-21T22:22:47+08:00 ] ::1 ::1 GET /admin.php/article/articleadd.html
[ info ] localhost/admin.php/article/articleadd.html [运行时间：0.210133s][吞吐率：4.76req/s] [内存消耗：2,801.94kb] [文件加载：82]
[ error ] [8]未定义变量: info[C:\xampp\htdocs\runtime\temp\d2a01bdca064286382e075918168f70f.php:321]
---------------------------------------------------------------
[ 2018-04-21T22:24:02+08:00 ] ::1 ::1 GET /admin.php/article/articleadd.html
[ info ] localhost/admin.php/article/articleadd.html [运行时间：0.233946s][吞吐率：4.27req/s] [内存消耗：2,801.86kb] [文件加载：82]
[ error ] [8]未定义变量: info[C:\xampp\htdocs\runtime\temp\d2a01bdca064286382e075918168f70f.php:332]
---------------------------------------------------------------
[ 2018-04-21T22:24:10+08:00 ] ::1 ::1 GET /admin.php/article/articleadd.html
[ info ] localhost/admin.php/article/articleadd.html [运行时间：0.236926s][吞吐率：4.22req/s] [内存消耗：2,801.87kb] [文件加载：82]
[ error ] [8]未定义变量: info[C:\xampp\htdocs\runtime\temp\d2a01bdca064286382e075918168f70f.php:332]
---------------------------------------------------------------
[ 2018-04-21T22:24:11+08:00 ] ::1 ::1 GET /admin.php/article/articleadd.html
[ info ] localhost/admin.php/article/articleadd.html [运行时间：0.217276s][吞吐率：4.60req/s] [内存消耗：2,801.86kb] [文件加载：82]
[ error ] [8]未定义变量: info[C:\xampp\htdocs\runtime\temp\d2a01bdca064286382e075918168f70f.php:332]
---------------------------------------------------------------
[ 2018-04-21T22:44:37+08:00 ] ::1 ::1 GET /admin.php/article/articlelist.html
[ info ] localhost/admin.php/article/articlelist.html [运行时间：0.245887s][吞吐率：4.07req/s] [内存消耗：3,040.06kb] [文件加载：85]
[ error ] [8]未定义变量: article_category_list[C:\xampp\htdocs\runtime\temp\0216d8dfa54745b2cff7778addb2681f.php:265]
---------------------------------------------------------------
[ 2018-04-21T22:52:01+08:00 ] ::1 ::1 GET /admin.php/article/articlelist.html
[ info ] localhost/admin.php/article/articlelist.html [运行时间：0.197747s][吞吐率：5.06req/s] [内存消耗：2,580.95kb] [文件加载：76]
[ error ] [0]语法解析错误: syntax error, unexpected '!'[C:\xampp\htdocs\app\common\logic\Article.php:68]
---------------------------------------------------------------
[ 2018-04-21T22:52:10+08:00 ] ::1 ::1 GET /admin.php/article/articlelist.html
[ info ] localhost/admin.php/article/articlelist.html [运行时间：0.251533s][吞吐率：3.98req/s] [内存消耗：3,021.16kb] [文件加载：84]
[ error ] [0]模板标签错误:notempty[C:\xampp\htdocs\thinkphp\library\think\template\TagLib.php:275]
---------------------------------------------------------------
[ 2018-04-21T22:53:16+08:00 ] ::1 ::1 GET /admin.php/article/articlelist.html
[ info ] localhost/admin.php/article/articlelist.html [运行时间：0.248339s][吞吐率：4.03req/s] [内存消耗：3,051.89kb] [文件加载：86]
[ error ] [8]未定义变量: search_data_type[C:\xampp\htdocs\runtime\temp\0216d8dfa54745b2cff7778addb2681f.php:265]
---------------------------------------------------------------
[ 2018-04-21T22:53:56+08:00 ] ::1 ::1 GET /admin.php/article/articlelist.html
[ info ] localhost/admin.php/article/articlelist.html [运行时间：0.258004s][吞吐率：3.88req/s] [内存消耗：3,051.95kb] [文件加载：86]
[ error ] [8]未定义变量: search_data_type[C:\xampp\htdocs\runtime\temp\0216d8dfa54745b2cff7778addb2681f.php:265]
---------------------------------------------------------------
[ 2018-04-21T22:53:57+08:00 ] ::1 ::1 GET /admin.php/article/articlelist.html
[ info ] localhost/admin.php/article/articlelist.html [运行时间：0.257017s][吞吐率：3.89req/s] [内存消耗：3,051.95kb] [文件加载：86]
[ error ] [8]未定义变量: search_data_type[C:\xampp\htdocs\runtime\temp\0216d8dfa54745b2cff7778addb2681f.php:265]
---------------------------------------------------------------
[ 2018-04-21T22:53:59+08:00 ] ::1 ::1 GET /admin.php/article/articlelist.html
[ info ] localhost/admin.php/article/articlelist.html [运行时间：0.261734s][吞吐率：3.82req/s] [内存消耗：3,052.13kb] [文件加载：86]
[ error ] [8]未定义变量: search_data_type[C:\xampp\htdocs\runtime\temp\0216d8dfa54745b2cff7778addb2681f.php:265]
---------------------------------------------------------------
[ 2018-04-21T22:55:38+08:00 ] ::1 ::1 GET /admin.php/article/articlelist.html
[ info ] localhost/admin.php/article/articlelist.html [运行时间：0.190394s][吞吐率：5.25req/s] [内存消耗：2,580.95kb] [文件加载：76]
[ error ] [0]语法解析错误: syntax error, unexpected '!'[C:\xampp\htdocs\app\common\logic\Article.php:68]
---------------------------------------------------------------
[ 2018-04-21T22:55:46+08:00 ] ::1 ::1 GET /admin.php/article/articlelist.html
[ info ] localhost/admin.php/article/articlelist.html [运行时间：0.180334s][吞吐率：5.55req/s] [内存消耗：2,610.03kb] [文件加载：78]
[ error ] [8]未定义数组索引: search_data_type[C:\xampp\htdocs\app\common\logic\Article.php:66]
---------------------------------------------------------------
[ 2018-04-21T22:55:47+08:00 ] ::1 ::1 GET /admin.php/article/articlelist.html
[ info ] localhost/admin.php/article/articlelist.html [运行时间：0.171098s][吞吐率：5.84req/s] [内存消耗：2,610.03kb] [文件加载：78]
[ error ] [8]未定义数组索引: search_data_type[C:\xampp\htdocs\app\common\logic\Article.php:66]
---------------------------------------------------------------
[ 2018-04-21T22:56:32+08:00 ] ::1 ::1 GET /admin.php/article/articlelist.html
[ info ] localhost/admin.php/article/articlelist.html [运行时间：0.201286s][吞吐率：4.97req/s] [内存消耗：2,609.66kb] [文件加载：78]
[ error ] [8]未定义数组索引: search_data_type[C:\xampp\htdocs\app\common\logic\Article.php:67]
---------------------------------------------------------------
[ 2018-04-21T22:56:33+08:00 ] ::1 ::1 GET /admin.php/article/articlelist.html
[ info ] localhost/admin.php/article/articlelist.html [运行时间：0.181444s][吞吐率：5.51req/s] [内存消耗：2,609.66kb] [文件加载：78]
[ error ] [8]未定义数组索引: search_data_type[C:\xampp\htdocs\app\common\logic\Article.php:67]
